<?xml version="1.0" encoding="UTF-8"?>
<testsuite name="web.testSuite.filaA.ej4" tests="1" skipped="0" failures="0" errors="0" timestamp="2023-10-20T23:00:50" hostname="JCT" time="45.287">
  <properties/>
  <testcase name="testing()" classname="web.testSuite.filaA.ej4" time="45.287"/>
  <system-out><![CDATA[]]></system-out>
  <system-err><![CDATA[]]></system-err>
</testsuite>
